<?xml version="1.0" encoding="UTF-8"?>
<!-- Generated by org.testng.reporters.JUnitXMLReporter -->
<testsuite hostname="SADAB" ignored="0" name="Default test" tests="15" failures="0" timestamp="27 Jul 2021 09:07:20 GMT" time="1847.297" errors="0">
  <testcase name="navigationAndImplementation" time="409.084" classname="com.magic.test.MainTest"/>
  <testcase name="missingAlt" time="10.406" classname="com.magic.test.MainTest"/>
  <testcase name="pageBreak" time="3.794" classname="com.magic.test.MainTest"/>
  <testcase name="marqueeOrBlankTagPresence" time="0.088" classname="com.magic.test.MainTest"/>
  <testcase name="trackTagInsideVideo" time="0.032" classname="com.magic.test.MainTest"/>
  <testcase name="headingHierarchy" time="2.399" classname="com.magic.test.MainTest"/>
  <testcase name="blankHeading" time="0.44" classname="com.magic.test.MainTest"/>
  <testcase name="dataMathMl" time="0.048" classname="com.magic.test.MainTest"/>
  <testcase name="altTextPresent" time="1.4" classname="com.magic.test.MainTest"/>
  <testcase name="missingAltAndArialabelledby" time="0.0" classname="com.magic.test.MainTest"/>
  <testcase name="altTextLengthGreaterthan155" time="0.032" classname="com.magic.test.MainTest"/>
  <testcase name="mathOperatorNotInMoTag" time="0.024" classname="com.magic.test.MainTest"/>
  <testcase name="longdescriptionText" time="0.344" classname="com.magic.test.MainTest"/>
  <testcase name="audioOrVideoExistOnThePage" time="0.04" classname="com.magic.test.MainTest"/>
  <testcase name="fontSizeDefinedInPxOrPt" time="1419.069" classname="com.magic.test.MainTest"/>
</testsuite> <!-- Default test -->
